<?xml version="1.0" encoding="UTF-8"?>
<testsuite name="models.AccountTest" tests="1" skipped="0" failures="0" errors="0" timestamp="2022-09-20T13:13:12" hostname="choejaewon-ui-MacBookPro.local" time="0.007">
  <properties/>
  <testcase name="create()" classname="models.AccountTest" time="0.007"/>
  <system-out><![CDATA[]]></system-out>
  <system-err><![CDATA[]]></system-err>
</testsuite>
