<?xml version="1.0" encoding="UTF-8"?>
<testsuite name="models.CashTest" tests="3" skipped="0" failures="0" errors="0" timestamp="2022-09-20T05:17:48" hostname="choejaewon-ui-MacBookPro.local" time="0.001">
  <properties/>
  <testcase name="create()" classname="models.CashTest" time="0.0"/>
  <testcase name="income()" classname="models.CashTest" time="0.0"/>
  <testcase name="spend()" classname="models.CashTest" time="0.001"/>
  <system-out><![CDATA[]]></system-out>
  <system-err><![CDATA[]]></system-err>
</testsuite>
