<?xml version="1.0" encoding="UTF-8"?>
<testsuite name="models.CardTest" tests="2" skipped="0" failures="0" errors="0" timestamp="2022-09-19T07:11:18" hostname="choejaewon-ui-MacBookPro.local" time="0.001">
  <properties/>
  <testcase name="create()" classname="models.CardTest" time="0.001"/>
  <testcase name="spend()" classname="models.CardTest" time="0.0"/>
  <system-out><![CDATA[]]></system-out>
  <system-err><![CDATA[]]></system-err>
</testsuite>
