<?xml version="1.0" encoding="UTF-8"?>
<testsuite name="models.AssetTest" tests="3" skipped="0" failures="0" errors="0" timestamp="2022-09-20T05:17:48" hostname="choejaewon-ui-MacBookPro.local" time="0.001">
  <properties/>
  <testcase name="bankBook()" classname="models.AssetTest" time="0.0"/>
  <testcase name="amount()" classname="models.AssetTest" time="0.001"/>
  <testcase name="sumOfBankBookAmount()" classname="models.AssetTest" time="0.0"/>
  <system-out><![CDATA[]]></system-out>
  <system-err><![CDATA[]]></system-err>
</testsuite>
