<?xml version="1.0" encoding="UTF-8"?>
<testsuite name="models.UserTest" tests="4" skipped="0" failures="0" errors="0" timestamp="2022-09-20T13:13:12" hostname="choejaewon-ui-MacBookPro.local" time="0.001">
  <properties/>
  <testcase name="addCard()" classname="models.UserTest" time="0.0"/>
  <testcase name="addCash()" classname="models.UserTest" time="0.001"/>
  <testcase name="addAccount()" classname="models.UserTest" time="0.0"/>
  <testcase name="totalAccountAmount()" classname="models.UserTest" time="0.0"/>
  <system-out><![CDATA[]]></system-out>
  <system-err><![CDATA[]]></system-err>
</testsuite>
