<?xml version="1.0" encoding="UTF-8"?>
<testsuite name="models.UserTest" tests="1" skipped="0" failures="0" errors="0" timestamp="2022-09-20T10:51:31" hostname="choejaewon-ui-MacBookPro.local" time="0.011">
  <properties/>
  <testcase name="totalAccountAmount()" classname="models.UserTest" time="0.011"/>
  <system-out><![CDATA[]]></system-out>
  <system-err><![CDATA[]]></system-err>
</testsuite>
